<?xml version="1.0" encoding="UTF-8"?>
<!-- Generated by org.testng.reporters.JUnitXMLReporter -->
<testsuite hostname="VISHNUNANDINI" ignored="0" name="SignIn" tests="4" failures="0" timestamp="2022-01-16T17:28:29 IST" time="68.015" errors="0">
  <testcase name="verifySignInInvalidTest" time="16.194" classname="com.toranotec.test.SignInTest"/>
  <testcase name="verifySignInInvalidTest" time="7.243" classname="com.toranotec.test.SignInTest"/>
  <testcase name="verifySignInInvalidTest" time="30.61" classname="com.toranotec.test.SignInTest"/>
  <testcase name="verifySignInValidTest" time="12.654" classname="com.toranotec.test.SignInTest"/>
</testsuite> <!-- SignIn -->
